2025-06-02T15:44:42.149+08:00  INFO 10100 --- [springboot-project-homeclean] [main] c.e.demo.SpringbootHomecleanApplication  : Starting SpringbootHomecleanApplication using Java 21.0.6 with PID 10100 (C:\Users\Zenboo 13\Downloads\Java\eclipse-workspace\springboot-project-homeclean\target\classes started by Zenboo 13 in C:\Users\Zenboo 13\Downloads\Java\eclipse-workspace\springboot-project-homeclean)
2025-06-02T15:44:42.150+08:00  INFO 10100 --- [springboot-project-homeclean] [main] c.e.demo.SpringbootHomecleanApplication  : No active profile set, falling back to 1 default profile: "default"
2025-06-02T15:44:42.675+08:00  INFO 10100 --- [springboot-project-homeclean] [main] .s.d.r.c.RepositoryConfigurationDelegate : Bootstrapping Spring Data JPA repositories in DEFAULT mode.
2025-06-02T15:44:42.693+08:00  INFO 10100 --- [springboot-project-homeclean] [main] .s.d.r.c.RepositoryConfigurationDelegate : Finished Spring Data repository scanning in 11 ms. Found 0 JPA repository interfaces.
2025-06-02T15:44:43.024+08:00  INFO 10100 --- [springboot-project-homeclean] [main] o.s.b.w.embedded.tomcat.TomcatWebServer  : Tomcat initialized with port 8081 (http)
2025-06-02T15:44:43.036+08:00  INFO 10100 --- [springboot-project-homeclean] [main] o.apache.catalina.core.StandardService   : Starting service [Tomcat]
2025-06-02T15:44:43.036+08:00  INFO 10100 --- [springboot-project-homeclean] [main] o.apache.catalina.core.StandardEngine    : Starting Servlet engine: [Apache Tomcat/10.1.41]
2025-06-02T15:44:43.075+08:00  INFO 10100 --- [springboot-project-homeclean] [main] o.a.c.c.C.[Tomcat].[localhost].[/]       : Initializing Spring embedded WebApplicationContext
2025-06-02T15:44:43.075+08:00  INFO 10100 --- [springboot-project-homeclean] [main] w.s.c.ServletWebServerApplicationContext : Root WebApplicationContext: initialization completed in 896 ms
2025-06-02T15:44:43.183+08:00  INFO 10100 --- [springboot-project-homeclean] [main] o.hibernate.jpa.internal.util.LogHelper  : HHH000204: Processing PersistenceUnitInfo [name: default]
2025-06-02T15:44:43.220+08:00  INFO 10100 --- [springboot-project-homeclean] [main] org.hibernate.Version                    : HHH000412: Hibernate ORM core version 6.6.15.Final
2025-06-02T15:44:43.243+08:00  INFO 10100 --- [springboot-project-homeclean] [main] o.h.c.internal.RegionFactoryInitiator    : HHH000026: Second-level cache disabled
2025-06-02T15:44:43.516+08:00  INFO 10100 --- [springboot-project-homeclean] [main] o.s.o.j.p.SpringPersistenceUnitInfo      : No LoadTimeWeaver setup: ignoring JPA class transformer
2025-06-02T15:44:43.538+08:00  INFO 10100 --- [springboot-project-homeclean] [main] com.zaxxer.hikari.HikariDataSource       : HikariPool-1 - Starting...
2025-06-02T15:44:43.660+08:00  INFO 10100 --- [springboot-project-homeclean] [main] com.zaxxer.hikari.pool.HikariPool        : HikariPool-1 - Added connection com.mysql.cj.jdbc.ConnectionImpl@7f5e6833
2025-06-02T15:44:43.662+08:00  INFO 10100 --- [springboot-project-homeclean] [main] com.zaxxer.hikari.HikariDataSource       : HikariPool-1 - Start completed.
2025-06-02T15:44:43.726+08:00  INFO 10100 --- [springboot-project-homeclean] [main] org.hibernate.orm.connections.pooling    : HHH10001005: Database info:
	Database JDBC URL [Connecting through datasource 'HikariDataSource (HikariPool-1)']
	Database driver: undefined/unknown
	Database version: 8.0.34
	Autocommit mode: undefined/unknown
	Isolation level: undefined/unknown
	Minimum pool size: undefined/unknown
	Maximum pool size: undefined/unknown
2025-06-02T15:44:44.453+08:00  INFO 10100 --- [springboot-project-homeclean] [main] o.h.e.t.j.p.i.JtaPlatformInitiator       : HHH000489: No JTA platform available (set 'hibernate.transaction.jta.platform' to enable JTA platform integration)
2025-06-02T15:44:44.456+08:00  INFO 10100 --- [springboot-project-homeclean] [main] j.LocalContainerEntityManagerFactoryBean : Initialized JPA EntityManagerFactory for persistence unit 'default'
2025-06-02T15:44:44.788+08:00  INFO 10100 --- [springboot-project-homeclean] [main] o.s.b.w.embedded.tomcat.TomcatWebServer  : Tomcat started on port 8081 (http) with context path '/'
2025-06-02T15:44:44.793+08:00  INFO 10100 --- [springboot-project-homeclean] [main] c.e.demo.SpringbootHomecleanApplication  : Started SpringbootHomecleanApplication in 2.991 seconds (process running for 3.467)
2025-06-02T15:44:48.313+08:00  INFO 10100 --- [springboot-project-homeclean] [http-nio-8081-exec-1] o.a.c.c.C.[Tomcat].[localhost].[/]       : Initializing Spring DispatcherServlet 'dispatcherServlet'
2025-06-02T15:44:48.313+08:00  INFO 10100 --- [springboot-project-homeclean] [http-nio-8081-exec-1] o.s.web.servlet.DispatcherServlet        : Initializing Servlet 'dispatcherServlet'
2025-06-02T15:44:48.314+08:00  INFO 10100 --- [springboot-project-homeclean] [http-nio-8081-exec-1] o.s.web.servlet.DispatcherServlet        : Completed initialization in 1 ms
2025-06-02T15:45:32.797+08:00  INFO 10100 --- [springboot-project-homeclean] [RMI TCP Connection(10)-127.0.0.1] inMXBeanRegistrar$SpringApplicationAdmin : Application shutdown requested.
2025-06-02T15:45:32.800+08:00  INFO 10100 --- [springboot-project-homeclean] [RMI TCP Connection(10)-127.0.0.1] o.s.b.w.e.tomcat.GracefulShutdown        : Commencing graceful shutdown. Waiting for active requests to complete
2025-06-02T15:45:32.805+08:00  INFO 10100 --- [springboot-project-homeclean] [tomcat-shutdown] o.s.b.w.e.tomcat.GracefulShutdown        : Graceful shutdown complete
2025-06-02T15:45:32.809+08:00  INFO 10100 --- [springboot-project-homeclean] [RMI TCP Connection(10)-127.0.0.1] j.LocalContainerEntityManagerFactoryBean : Closing JPA EntityManagerFactory for persistence unit 'default'
2025-06-02T15:45:32.811+08:00  INFO 10100 --- [springboot-project-homeclean] [RMI TCP Connection(10)-127.0.0.1] com.zaxxer.hikari.HikariDataSource       : HikariPool-1 - Shutdown initiated...
2025-06-02T15:45:32.816+08:00  INFO 10100 --- [springboot-project-homeclean] [RMI TCP Connection(10)-127.0.0.1] com.zaxxer.hikari.HikariDataSource       : HikariPool-1 - Shutdown completed.
